<?xml version="1.0" encoding="UTF-8"?>
<!-- Generated by org.testng.reporters.JUnitReportReporter -->
<testsuite hostname="Roja" failures="0" tests="1" name="maven.testscript" time="13.757" errors="0" timestamp="2023-10-05T18:13:46 IST" skipped="0">
  <testcase classname="maven.testscript" name="test" time="13.757"/>
  <system-out/>
</testsuite> <!-- maven.testscript -->
